Temp/gradleOut/fabric-init/build/outputs/logs/manifest-merger-debug-report.txt
-- Merging decision tree log ---
manifest
ADDED from gradleOut/fabric-init/AndroidManifest.xml:2:1-6:12
INJECTED from gradleOut/fabric-init/AndroidManifest.xml:2:1-6:12
INJECTED from gradleOut/fabric-init/AndroidManifest.xml:2:1-6:12
	package
		ADDED from gradleOut/fabric-init/AndroidManifest.xml:2:70-114
		INJECTED from gradleOut/fabric-init/AndroidManifest.xml
		INJECTED from gradleOut/fabric-init/AndroidManifest.xml
	xmlns:android
		ADDED from gradleOut/fabric-init/AndroidManifest.xml:2:11-69
application
ADDED from gradleOut/fabric-init/AndroidManifest.xml:3:3-4:17
uses-permission#android.permission.INTERNET
ADDED from gradleOut/fabric-init/AndroidManifest.xml:5:3-65
	android:name
		ADDED from gradleOut/fabric-init/AndroidManifest.xml:5:20-62
uses-sdk
INJECTED from gradleOut/fabric-init/AndroidManifest.xml reason: use-sdk injection requested
INJECTED from gradleOut/fabric-init/AndroidManifest.xml
INJECTED from gradleOut/fabric-init/AndroidManifest.xml
	android:targetSdkVersion
		INJECTED from gradleOut/fabric-init/AndroidManifest.xml
		ADDED from gradleOut/fabric-init/AndroidManifest.xml
		INJECTED from gradleOut/fabric-init/AndroidManifest.xml